<?xml version="1.0" encoding="UTF-8"?>
<!-- Generated by org.testng.reporters.JUnitXMLReporter -->
<testsuite ignored="0" hostname="DESKTOP-0RE88GF" failures="0" tests="4" name="Free CRM home page TC" time="56.68" errors="0" timestamp="17 Jun 2020 07:41:47 GMT">
  <testcase classname="com.crm.qa.testcases.HomePageTestCases" name="verifyHomePageTitleTest" time="0.008"/>
  <testcase classname="com.crm.qa.testcases.HomePageTestCases" name="verifyUserNameTest" time="0.07"/>
  <testcase classname="com.crm.qa.testcases.HomePageTestCases" name="verifyDealLinkTest" time="0.16"/>
  <testcase classname="com.crm.qa.testcases.HomePageTestCases" name="verifyContactsLinkTest" time="0.117"/>
</testsuite> <!-- Free CRM home page TC -->
