<?xml version="1.0" encoding="UTF-8"?>
<!-- Generated by org.testng.reporters.JUnitXMLReporter -->
<testsuite ignored="0" hostname="DESKTOP-0RE88GF" failures="0" tests="3" name="Free CRM login page TC" time="34.554" errors="0" timestamp="17 Jun 2020 07:40:51 GMT">
  <testcase classname="com.crm.qa.testcases.LoginPageTestCase" name="loginPageTitleTest" time="0.04"/>
  <testcase classname="com.crm.qa.testcases.LoginPageTestCase" name="crmLogoImageTest" time="0.113"/>
  <testcase classname="com.crm.qa.testcases.LoginPageTestCase" name="loginTest" time="5.12"/>
</testsuite> <!-- Free CRM login page TC -->
