<?xml version="1.0" encoding="UTF-8"?>
<!-- Generated by org.testng.reporters.JUnitXMLReporter -->
<testsuite ignored="0" hostname="DESKTOP-0RE88GF" failures="0" tests="3" name="Default test" time="33.657" errors="0" timestamp="17 Jun 2020 07:35:51 GMT">
  <testcase classname="com.crm.qa.testcases.LoginPageTestCase" name="loginPageTitleTest" time="0.056"/>
  <testcase classname="com.crm.qa.testcases.LoginPageTestCase" name="crmLogoImageTest" time="0.065"/>
  <testcase classname="com.crm.qa.testcases.LoginPageTestCase" name="loginTest" time="4.922"/>
</testsuite> <!-- Default test -->
